2025-03-10 07:02:32.291 [info] Extension host with pid 18535 started
2025-03-10 07:02:32.518 [info] ExtensionService#_doActivateExtension vscode.github-authentication, startup: false, activationEvent: 'onAuthenticationRequest:github'
2025-03-10 07:02:32.653 [info] ExtensionService#_doActivateExtension vscode.git-base, startup: true, activationEvent: '*', root cause: vscode.git
2025-03-10 07:02:32.732 [info] ExtensionService#_doActivateExtension vscode.git, startup: true, activationEvent: '*'
2025-03-10 07:02:32.837 [info] ExtensionService#_doActivateExtension vscode.github, startup: true, activationEvent: '*'
2025-03-10 07:02:32.943 [info] Eager extensions activated
2025-03-10 07:02:33.018 [info] ExtensionService#_doActivateExtension vscode.debug-auto-launch, startup: false, activationEvent: 'onStartupFinished'
2025-03-10 07:02:33.026 [info] ExtensionService#_doActivateExtension vscode.merge-conflict, startup: false, activationEvent: 'onStartupFinished'
2025-03-10 07:23:25.456 [info] Extension host terminating: renderer closed the MessagePort
2025-03-10 07:23:25.498 [info] Extension host with pid 18535 exiting with code 0
2025-03-10 07:23:27.306 [info] Extension host with pid 19754 started
2025-03-10 07:23:27.307 [info] Skipping acquiring lock for /home/Dany/.config/Code/User/workspaceStorage/c83f29c25ee081c02d8b45bfb5a7a8ef.
2025-03-10 07:23:27.366 [info] ExtensionService#_doActivateExtension vscode.github-authentication, startup: false, activationEvent: 'onAuthenticationRequest:github'
2025-03-10 07:23:27.588 [info] ExtensionService#_doActivateExtension vscode.git-base, startup: true, activationEvent: '*'
2025-03-10 07:23:27.707 [info] ExtensionService#_doActivateExtension vscode.github, startup: true, activationEvent: '*'
2025-03-10 07:23:27.798 [info] Eager extensions activated
2025-03-10 07:23:27.807 [info] ExtensionService#_doActivateExtension vscode.debug-auto-launch, startup: false, activationEvent: 'onStartupFinished'
2025-03-10 07:23:27.816 [info] ExtensionService#_doActivateExtension vscode.merge-conflict, startup: false, activationEvent: 'onStartupFinished'
2025-03-10 07:23:30.384 [info] ExtensionService#_doActivateExtension vscode.git, startup: false, activationEvent: 'api', root cause: vscode.github
2025-03-10 07:23:43.799 [info] ExtensionService#_doActivateExtension vscode.emmet, startup: false, activationEvent: 'onLanguage'
2025-03-10 07:23:46.643 [info] ExtensionService#_doActivateExtension vscode.typescript-language-features, startup: false, activationEvent: 'onLanguage:javascript'
