["2025-03-10T06:30:20.095", "DEBUG", "ubuntupro.config", "parse_config", 476, "Using client configuration file at /etc/ubuntu-advantage/uaclient.conf", {}]
["2025-03-10T06:30:20.097", "DEBUG", "ubuntupro.system", "load_file", 536, "Reading file: /etc/ubuntu-advantage/uaclient.conf", {}]
["2025-03-10T06:30:20.098", "DEBUG", "ubuntupro.files.files", "read", 58, "Tried to load /var/lib/ubuntu-advantage/user-config.json but file does not exist", {}]
["2025-03-10T06:30:20.103", "DEBUG", "ubuntupro.http", "configure_web_proxy", 146, "Setting no_proxy: 169.254.169.254,[fd00:ec2::254],metadata", {}]
["2025-03-10T06:30:20.103", "DEBUG", "ubuntupro.http", "configure_web_proxy", 154, "Setting global proxy dict", {}]
["2025-03-10T06:30:20.103", "DEBUG", "ubuntupro.cli", "main", 283, "Executed with sys.argv: ['/usr/bin/pro', 'status', '--format=json']", {}]
["2025-03-10T06:30:20.104", "DEBUG", "ubuntupro.files.files", "read", 58, "Tried to load /var/lib/ubuntu-advantage/machine-token.json but file does not exist", {}]
["2025-03-10T06:30:20.104", "DEBUG", "ubuntupro.files.files", "read", 58, "Tried to load /var/lib/ubuntu-advantage/machine-token.json but file does not exist", {}]
["2025-03-10T06:30:20.104", "DEBUG", "ubuntupro.system", "load_file", 536, "Reading file: /etc/os-release", {}]
["2025-03-10T06:30:20.104", "DEBUG", "ubuntupro.system", "load_file", 536, "Reading file: /proc/version_signature", {}]
["2025-03-10T06:30:20.106", "WARNING", "ubuntupro.system", "_get_kernel_build_date", 140, "Unable to parse build date from uname version", {}]
["2025-03-10T06:30:20.110", "WARNING", "ubuntupro.system", "_get_kernel_changelog_timestamp", 113, "Falling back to using timestamp of kernel changelog", {}]
["2025-03-10T06:30:20.414", "DEBUG", "ubuntupro.files.files", "read", 58, "Tried to load /var/lib/ubuntu-advantage/machine-token.json but file does not exist", {}]
["2025-03-10T06:30:20.414", "DEBUG", "ubuntupro.files.files", "read", 58, "Tried to load /var/lib/ubuntu-advantage/machine-token.json but file does not exist", {}]
["2025-03-10T06:30:20.415", "DEBUG", "ubuntupro.http", "readurl", 348, "URL [GET]: https://contracts.canonical.com/v1/resources?architecture=amd64&kernel=6.11.0-19-generic&series=noble&virt=oracle, headers: {'accept': 'application/json', 'content-type': 'application/json', 'user-agent': 'UA-Client/34~24.04'}, data: None", {}]
["2025-03-10T06:30:20.415", "DEBUG", "ubuntupro.http", "should_use_pycurl", 208, "Should use pycurl: False", {}]
["2025-03-10T06:30:20.630", "DEBUG", "ubuntupro.http", "readurl", 388, "URL [GET] response: https://contracts.canonical.com/v1/resources?architecture=amd64&kernel=6.11.0-19-generic&series=noble&virt=oracle, headers: {'accept-ranges': 'bytes', 'cache-control': 'no-store, max-age=0', 'connection': 'close', 'content-length': '884', 'content-type': 'application/json', 'date': 'Mon, 10 Mar 2025 06:30:20 GMT', 'server': 'nginx/1.18.0 (Ubuntu)', 'strict-transport-security': 'max-age=15724800; includeSubDomains', 'x-cache-status': 'MISS from content-cache-il3/0', 'x-trace-id': 'dfbe9d48-87c2-465b-9e29-864f5728d9ae'}, data: {'resources': [{'available': True, 'name': 'anbox-cloud'}, {'available': True, 'name': 'anbox-images'}, {'available': True, 'name': 'cc'}, {'available': False, 'name': 'cc-eal'}, {'available': True, 'name': 'cis', 'presentedAs': 'usg'}, {'available': False, 'name': 'esm'}, {'available': True, 'name': 'esm-apps'}, {'available': False, 'name': 'esm-apps-python'}, {'available': True, 'name': 'esm-infra'}, {'available': False, 'name': 'esm-infra-legacy'}, {'available': False, 'name': 'esm-python'}, {'available': False, 'name': 'esm-ros'}, {'available': False, 'name': 'fips'}, {'available': False, 'name': 'fips-preview'}, {'available': False, 'name': 'fips-updates'}, {'available': True, 'name': 'landscape'}, {'available': True, 'name': 'livepatch'}, {'available': True, 'name': 'livepatch-onprem'}, {'available': True, 'name': 'realtime-kernel'}, {'available': False, 'name': 'ros'}, {'available': False, 'name': 'ros-updates'}, {'available': True, 'name': 'support'}]}", {}]
["2025-03-10T06:30:20.631", "DEBUG", "ubuntupro.status", "_unattached_status", 300, "Ignoring availability of unknown service anbox-images from contract server", {}]
["2025-03-10T06:30:20.632", "DEBUG", "ubuntupro.status", "_unattached_status", 300, "Ignoring availability of unknown service cc from contract server", {}]
["2025-03-10T06:30:20.632", "DEBUG", "ubuntupro.status", "_unattached_status", 300, "Ignoring availability of unknown service esm from contract server", {}]
["2025-03-10T06:30:20.632", "DEBUG", "ubuntupro.status", "_unattached_status", 300, "Ignoring availability of unknown service esm-apps-python from contract server", {}]
["2025-03-10T06:30:20.632", "DEBUG", "ubuntupro.status", "_unattached_status", 300, "Ignoring availability of unknown service esm-infra-legacy from contract server", {}]
["2025-03-10T06:30:20.632", "DEBUG", "ubuntupro.status", "_unattached_status", 300, "Ignoring availability of unknown service esm-python from contract server", {}]
["2025-03-10T06:30:20.632", "DEBUG", "ubuntupro.status", "_unattached_status", 300, "Ignoring availability of unknown service esm-ros from contract server", {}]
["2025-03-10T06:30:20.633", "DEBUG", "ubuntupro.livepatch", "status", 126, "canonical-livepatch is not installed", {}]
["2025-03-10T06:30:20.633", "DEBUG", "ubuntupro.files.files", "read", 58, "Tried to load /home/Dany/.cache/ubuntu-pro/livepatch-kernel-support-cache.json but file does not exist", {}]
["2025-03-10T06:30:20.633", "DEBUG", "ubuntupro.livepatch", "on_supported_kernel", 361, "using livepatch support api", {}]
["2025-03-10T06:30:20.633", "DEBUG", "ubuntupro.config", "parse_config", 476, "Using client configuration file at /etc/ubuntu-advantage/uaclient.conf", {}]
["2025-03-10T06:30:20.633", "DEBUG", "ubuntupro.system", "load_file", 536, "Reading file: /etc/ubuntu-advantage/uaclient.conf", {}]
["2025-03-10T06:30:20.633", "DEBUG", "ubuntupro.files.files", "read", 58, "Tried to load /var/lib/ubuntu-advantage/user-config.json but file does not exist", {}]
["2025-03-10T06:30:20.634", "DEBUG", "ubuntupro.http", "readurl", 348, "URL [GET]: https://livepatch.canonical.com/v1/api/kernels/supported?architecture=amd64&build-date=2025-02-17T10%3A17%3A16%2B00%3A00&codename=noble&flavour=generic&kernel-version=6.11, headers: {'accept': 'application/json', 'content-type': 'application/json', 'user-agent': 'UA-Client/34~24.04'}, data: None", {}]
["2025-03-10T06:30:20.634", "DEBUG", "ubuntupro.http", "should_use_pycurl", 208, "Should use pycurl: False", {}]
["2025-03-10T06:30:20.768", "DEBUG", "ubuntupro.http", "readurl", 388, "URL [GET] response: https://livepatch.canonical.com/v1/api/kernels/supported?architecture=amd64&build-date=2025-02-17T10%3A17%3A16%2B00%3A00&codename=noble&flavour=generic&kernel-version=6.11, headers: {'accept-ranges': 'bytes', 'cache-control': 'no-store, max-age=0', 'connection': 'close', 'content-length': '27', 'content-type': 'application/json', 'date': 'Mon, 10 Mar 2025 06:30:20 GMT', 'server': 'nginx/1.18.0 (Ubuntu)', 'strict-transport-security': 'max-age=15724800; includeSubDomains', 'x-cache-status': 'MISS from content-cache-il3/4'}, data: {'Supported': 'unsupported'}", {}]
["2025-03-10T06:30:20.769", "DEBUG", "ubuntupro.system", "write_file", 580, "Writing file /home/Dany/.cache/ubuntu-pro/livepatch-kernel-support-cache.json atomically via tempfile /home/Dany/.cache/ubuntu-pro/tmpq_jkg6wa", {}]
["2025-03-10T06:30:20.769", "DEBUG", "ubuntupro.status", "_unattached_status", 300, "Ignoring availability of unknown service livepatch-onprem from contract server", {}]
["2025-03-10T06:30:20.769", "DEBUG", "ubuntupro.status", "_unattached_status", 300, "Ignoring availability of unknown service support from contract server", {}]
["2025-03-10T06:30:20.769", "DEBUG", "ubuntupro.files.files", "read", 58, "Tried to load /var/lib/ubuntu-advantage/lock but file does not exist", {}]
["2025-03-10T06:30:20.769", "DEBUG", "ubuntupro.files.files", "read", 58, "Tried to load /var/lib/ubuntu-advantage/user-config.json but file does not exist", {}]
